mode: set
github.com/ming-0x0/hexago/internal/modules/customer/adapter/repository/customer/adapter.go:10.85,12.2 1 0
github.com/ming-0x0/hexago/internal/modules/customer/adapter/repository/customer/adapter.go:14.85,16.2 1 0
github.com/ming-0x0/hexago/internal/modules/customer/adapter/repository/customer/adapter.go:18.91,20.2 1 0
github.com/ming-0x0/hexago/internal/modules/customer/adapter/repository/customer/adapter.go:22.91,24.2 1 0
github.com/ming-0x0/hexago/internal/modules/customer/port/repository/repository_provider.go:11.49,13.2 1 0
github.com/ming-0x0/hexago/internal/modules/customer/port/repository/repository_provider.go:17.89,19.2 1 0
github.com/ming-0x0/hexago/internal/modules/customer/domain/service_type/service_type.go:18.35,20.2 1 1
github.com/ming-0x0/hexago/internal/modules/customer/domain/service_type/service_type.go:22.43,24.37 2 1
github.com/ming-0x0/hexago/internal/modules/customer/domain/service_type/service_type.go:24.37,26.3 1 1
github.com/ming-0x0/hexago/internal/modules/customer/domain/service_type/service_type.go:27.2,27.15 1 1
github.com/ming-0x0/hexago/internal/modules/customer/domain/service_type/service_type.go:30.40,38.16 2 1
github.com/ming-0x0/hexago/internal/modules/customer/domain/service_type/service_type.go:38.16,40.3 1 1
github.com/ming-0x0/hexago/internal/modules/customer/domain/service_type/service_type.go:42.2,42.12 1 1
github.com/ming-0x0/hexago/internal/shared/dbmocker/dbmocker.go:20.47,27.16 5 0
github.com/ming-0x0/hexago/internal/shared/dbmocker/dbmocker.go:27.16,29.3 1 0
github.com/ming-0x0/hexago/internal/shared/dbmocker/dbmocker.go:31.2,46.16 5 0
github.com/ming-0x0/hexago/internal/shared/dbmocker/dbmocker.go:46.16,48.3 1 0
github.com/ming-0x0/hexago/internal/shared/dbmocker/dbmocker.go:50.2,55.8 1 0
github.com/ming-0x0/hexago/internal/modules/customer/port/repository/entity/customer.go:35.39,37.2 1 0
github.com/ming-0x0/hexago/internal/modules/customer/port/repository/customer/repository.go:19.108,23.2 1 0
github.com/ming-0x0/hexago/internal/shared/errors/error_code.go:5.31,7.2 1 0
github.com/ming-0x0/hexago/internal/shared/errors/errors.go:10.38,11.14 1 0
github.com/ming-0x0/hexago/internal/shared/errors/errors.go:11.14,13.3 1 0
github.com/ming-0x0/hexago/internal/shared/errors/errors.go:14.2,14.22 1 0
github.com/ming-0x0/hexago/internal/shared/errors/errors.go:17.38,18.14 1 0
github.com/ming-0x0/hexago/internal/shared/errors/errors.go:18.14,20.3 1 0
github.com/ming-0x0/hexago/internal/shared/errors/errors.go:21.2,21.14 1 0
github.com/ming-0x0/hexago/internal/shared/errors/errors.go:24.45,25.14 1 0
github.com/ming-0x0/hexago/internal/shared/errors/errors.go:25.14,27.3 1 0
github.com/ming-0x0/hexago/internal/shared/errors/errors.go:28.2,28.18 1 0
github.com/ming-0x0/hexago/internal/shared/errors/errors.go:31.69,36.2 1 0
github.com/ming-0x0/hexago/internal/shared/domain/email/email.go:13.40,18.37 2 1
github.com/ming-0x0/hexago/internal/shared/domain/email/email.go:18.37,20.3 1 1
github.com/ming-0x0/hexago/internal/shared/domain/email/email.go:22.2,22.15 1 1
github.com/ming-0x0/hexago/internal/shared/domain/email/email.go:25.32,27.2 1 1
github.com/ming-0x0/hexago/internal/shared/domain/email/email.go:29.34,33.16 2 1
github.com/ming-0x0/hexago/internal/shared/domain/email/email.go:33.16,35.3 1 1
github.com/ming-0x0/hexago/internal/shared/domain/email/email.go:37.2,37.12 1 1
github.com/ming-0x0/hexago/internal/shared/transaction/mock/transaction.go:32.85,36.2 3 0
github.com/ming-0x0/hexago/internal/shared/transaction/mock/transaction.go:39.83,41.2 1 0
github.com/ming-0x0/hexago/internal/shared/transaction/mock/transaction.go:44.98,49.2 4 0
github.com/ming-0x0/hexago/internal/shared/transaction/mock/transaction.go:52.78,55.2 2 0
github.com/ming-0x0/hexago/internal/shared/repository/mock/repository.go:34.143,38.2 3 0
github.com/ming-0x0/hexago/internal/shared/repository/mock/repository.go:41.99,43.2 1 0
github.com/ming-0x0/hexago/internal/shared/repository/mock/repository.go:46.89,51.2 4 0
github.com/ming-0x0/hexago/internal/shared/repository/mock/repository.go:54.94,57.2 2 0
github.com/ming-0x0/hexago/internal/shared/repository/mock/repository.go:60.117,65.2 4 0
github.com/ming-0x0/hexago/internal/shared/repository/mock/repository.go:68.110,71.2 2 0
github.com/ming-0x0/hexago/internal/shared/repository/mock/repository.go:74.158,77.27 3 0
github.com/ming-0x0/hexago/internal/shared/repository/mock/repository.go:77.27,79.3 1 0
github.com/ming-0x0/hexago/internal/shared/repository/mock/repository.go:80.2,83.19 4 0
github.com/ming-0x0/hexago/internal/shared/repository/mock/repository.go:87.123,91.2 3 0
github.com/ming-0x0/hexago/internal/shared/repository/mock/repository.go:94.204,97.27 3 0
github.com/ming-0x0/hexago/internal/shared/repository/mock/repository.go:97.27,99.3 1 0
github.com/ming-0x0/hexago/internal/shared/repository/mock/repository.go:100.2,104.25 5 0
github.com/ming-0x0/hexago/internal/shared/repository/mock/repository.go:108.147,112.2 3 0
github.com/ming-0x0/hexago/internal/shared/repository/mock/repository.go:115.87,120.2 4 0
github.com/ming-0x0/hexago/internal/shared/repository/mock/repository.go:123.92,126.2 2 0
github.com/ming-0x0/hexago/internal/shared/repository/mock/repository.go:129.156,132.27 3 0
github.com/ming-0x0/hexago/internal/shared/repository/mock/repository.go:132.27,134.3 1 0
github.com/ming-0x0/hexago/internal/shared/repository/mock/repository.go:135.2,138.19 4 0
github.com/ming-0x0/hexago/internal/shared/repository/mock/repository.go:142.123,146.2 3 0
github.com/ming-0x0/hexago/internal/shared/transaction/transaction.go:24.47,28.2 1 1
github.com/ming-0x0/hexago/internal/shared/transaction/transaction.go:30.89,31.67 1 1
github.com/ming-0x0/hexago/internal/shared/transaction/transaction.go:31.67,34.3 2 1
github.com/ming-0x0/hexago/internal/shared/transaction/transaction.go:37.67,39.14 2 1
github.com/ming-0x0/hexago/internal/shared/transaction/transaction.go:39.14,40.33 1 1
github.com/ming-0x0/hexago/internal/shared/transaction/transaction.go:40.33,42.4 1 1
github.com/ming-0x0/hexago/internal/shared/transaction/transaction.go:44.2,44.19 1 1
github.com/ming-0x0/hexago/internal/shared/repository/repository.go:71.24,77.2 1 1
github.com/ming-0x0/hexago/internal/shared/repository/repository.go:79.64,80.59 1 1
github.com/ming-0x0/hexago/internal/shared/repository/repository.go:80.59,82.3 1 1
github.com/ming-0x0/hexago/internal/shared/repository/repository.go:84.2,84.30 1 1
github.com/ming-0x0/hexago/internal/shared/repository/repository.go:87.91,88.36 1 1
github.com/ming-0x0/hexago/internal/shared/repository/repository.go:88.36,90.57 2 1
github.com/ming-0x0/hexago/internal/shared/repository/repository.go:90.57,92.4 1 1
github.com/ming-0x0/hexago/internal/shared/repository/repository.go:94.3,95.66 2 1
github.com/ming-0x0/hexago/internal/shared/repository/repository.go:95.66,97.4 1 1
github.com/ming-0x0/hexago/internal/shared/repository/repository.go:99.3,100.43 2 1
github.com/ming-0x0/hexago/internal/shared/repository/repository.go:107.9,109.16 2 1
github.com/ming-0x0/hexago/internal/shared/repository/repository.go:109.16,111.3 1 1
github.com/ming-0x0/hexago/internal/shared/repository/repository.go:113.2,114.16 2 1
github.com/ming-0x0/hexago/internal/shared/repository/repository.go:114.16,116.3 1 1
github.com/ming-0x0/hexago/internal/shared/repository/repository.go:118.2,118.12 1 1
github.com/ming-0x0/hexago/internal/shared/repository/repository.go:125.17,127.92 2 1
github.com/ming-0x0/hexago/internal/shared/repository/repository.go:127.92,129.3 1 1
github.com/ming-0x0/hexago/internal/shared/repository/repository.go:131.2,131.38 1 1
github.com/ming-0x0/hexago/internal/shared/repository/repository.go:138.15,141.16 3 1
github.com/ming-0x0/hexago/internal/shared/repository/repository.go:141.16,142.45 1 1
github.com/ming-0x0/hexago/internal/shared/repository/repository.go:142.45,144.4 1 1
github.com/ming-0x0/hexago/internal/shared/repository/repository.go:146.3,146.76 1 1
github.com/ming-0x0/hexago/internal/shared/repository/repository.go:149.2,149.35 1 1
github.com/ming-0x0/hexago/internal/shared/repository/repository.go:155.9,157.16 2 1
github.com/ming-0x0/hexago/internal/shared/repository/repository.go:157.16,159.3 1 1
github.com/ming-0x0/hexago/internal/shared/repository/repository.go:161.2,162.16 2 1
github.com/ming-0x0/hexago/internal/shared/repository/repository.go:162.16,164.3 1 1
github.com/ming-0x0/hexago/internal/shared/repository/repository.go:166.2,166.12 1 1
github.com/ming-0x0/hexago/internal/shared/repository/repository.go:172.9,175.16 3 1
github.com/ming-0x0/hexago/internal/shared/repository/repository.go:175.16,177.3 1 1
github.com/ming-0x0/hexago/internal/shared/repository/repository.go:179.2,179.12 1 1
github.com/ming-0x0/hexago/internal/shared/repository/repository.go:187.24,197.16 7 1
github.com/ming-0x0/hexago/internal/shared/repository/repository.go:197.16,199.3 1 1
github.com/ming-0x0/hexago/internal/shared/repository/repository.go:201.2,202.16 2 1
github.com/ming-0x0/hexago/internal/shared/repository/repository.go:202.16,204.3 1 1
github.com/ming-0x0/hexago/internal/shared/repository/repository.go:206.2,207.16 2 1
github.com/ming-0x0/hexago/internal/shared/repository/repository.go:207.16,209.3 1 1
github.com/ming-0x0/hexago/internal/shared/repository/repository.go:211.2,211.28 1 1
